TRANSACTION START:1
REGION START:
SEGNAME:
testseg1
OFFSET:
10
SIZE:
100
DATA:
hello, world
REGION END
REGION START:
SEGNAME:
testseg1
OFFSET:
10
SIZE:
100
DATA:
hello, world
REGION END
REGION START:
SEGNAME:
testseg2
OFFSET:
100
SIZE:
100
DATA:
black agagadrof!
REGION END
REGION START:
SEGNAME:
testseg2
OFFSET:
100
SIZE:
100
DATA:
black agagadrof!
REGION END
TRANSACTION END
TRANSACTION START:1
REGION START:
SEGNAME:
testseg1
OFFSET:
10
SIZE:
100
DATA:
hello, world
REGION END
REGION START:
SEGNAME:
testseg2
OFFSET:
100
SIZE:
100
DATA:
black agagadrof!
REGION END
TRANSACTION END
TRANSACTION START:1
REGION START:
SEGNAME:
testseg1
OFFSET:
10
SIZE:
100
DATA:
hello, world
REGION END
REGION START:
SEGNAME:
testseg2
OFFSET:
100
SIZE:
100
DATA:
hello, world
REGION END
TRANSACTION END
TRANSACTION START:1
REGION START:
SEGNAME:
testseg
OFFSET:
0
SIZE:
100
DATA:
hello, world
REGION END
REGION START:
SEGNAME:
testseg
OFFSET:
1000
SIZE:
100
DATA:
hello, world
REGION END
TRANSACTION END
TRANSACTION START:1
REGION START:
SEGNAME:
testseg
OFFSET:
0
SIZE:
100
DATA:
hello, world
REGION END
REGION START:
SEGNAME:
testseg
OFFSET:
1000
SIZE:
100
DATA:
hello, world
REGION END
TRANSACTION END
TRANSACTION START:1
REGION START:
SEGNAME:
testseg
OFFSET:
0
SIZE:
100
DATA:
hello, world
REGION END
REGION START:
SEGNAME:
testseg
OFFSET:
1000
SIZE:
100
DATA:
hello, world
REGION END
TRANSACTION END
TRANSACTION START:1
REGION START:
SEGNAME:
testseg
OFFSET:
0
SIZE:
100
DATA:
hello, world
REGION END
REGION START:
SEGNAME:
testseg
OFFSET:
1000
SIZE:
100
DATA:
hello, world
REGION END
TRANSACTION END
